#
# There is insufficient memory for the Java Runtime Environment to continue.
# Native memory allocation (mmap) failed to map 132120576 bytes for G1 virtual space
# Possible reasons:
#   The system is out of physical RAM or swap space
#   The process is running with CompressedOops enabled, and the Java Heap may be blocking the growth of the native heap
# Possible solutions:
#   Reduce memory load on the system
#   Increase physical memory or swap space
#   Check if swap backing store is full
#   Decrease Java heap size (-Xmx/-Xms)
#   Decrease number of Java threads
#   Decrease Java thread stack sizes (-Xss)
#   Set larger code cache with -XX:ReservedCodeCacheSize=
#   JVM is running with Unscaled Compressed Oops mode in which the Java heap is
#     placed in the first 4GB address space. The Java Heap base address is the
#     maximum limit for the native heap growth. Please use -XX:HeapBaseMinAddress
#     to set the Java Heap base and to place the Java Heap above 4GB virtual address.
# This output file may be truncated or incomplete.
#
#  Out of Memory Error (os_windows.cpp:3550), pid=12240, tid=9196
#
# JRE version:  (17.0.7+8) (build )
# Java VM: Java HotSpot(TM) 64-Bit Server VM (17.0.7+8-LTS-224, mixed mode, sharing, tiered, compressed oops, compressed class ptrs, g1 gc, windows-amd64)
# No core dump will be written. Minidumps are not enabled by default on client versions of Windows
#

---------------  S U M M A R Y ------------

Command Line: C:\Users\hafiz\AppData\Local\Temp\surefire5230842343282932197\surefirebooter-20240114221647428_3.jar C:\Users\hafiz\AppData\Local\Temp\surefire5230842343282932197 2024-01-14T22-16-47_131-jvmRun1 surefire-20240114221647428_1tmp surefire_0-20240114221647428_2tmp

Host: Intel(R) Core(TM) i3-10110U CPU @ 2.10GHz, 4 cores, 7G,  Windows 11 , 64 bit Build 22621 (10.0.22621.2506)
Time: Sun Jan 14 22:16:47 2024 Malay Peninsula Standard Time elapsed time: 0.047889 seconds (0d 0h 0m 0s)

---------------  T H R E A D  ---------------

Current thread (0x000001716c7fb190):  JavaThread "Unknown thread" [_thread_in_vm, id=9196, stack(0x0000005621e00000,0x0000005621f00000)]

Stack: [0x0000005621e00000,0x0000005621f00000]
Native frames: (J=compiled Java code, j=interpreted, Vv=VM code, C=native code)
V  [jvm.dll+0x676a4a]
V  [jvm.dll+0x7d74f4]
V  [jvm.dll+0x7d8c9e]
V  [jvm.dll+0x7d9303]
V  [jvm.dll+0x2452c5]
V  [jvm.dll+0x6738f9]
V  [jvm.dll+0x668232]
V  [jvm.dll+0x302826]
V  [jvm.dll+0x309da6]
V  [jvm.dll+0x35952e]
V  [jvm.dll+0x35975f]
V  [jvm.dll+0x2d9a38]
V  [jvm.dll+0x2da9a4]
V  [jvm.dll+0x7a8fb1]
V  [jvm.dll+0x3670e1]
V  [jvm.dll+0x788359]
V  [jvm.dll+0x3ea5ef]
V  [jvm.dll+0x3ec071]
C  [jli.dll+0x5297]
C  [ucrtbase.dll+0x29363]
C  [KERNEL32.DLL+0x1257d]
C  [ntdll.dll+0x5aa58]


---------------  P R O C E S S  ---------------

Threads class SMR info:
_java_thread_list=0x00007ffae3194998, length=0, elements={
}

Java Threads: ( => current thread )

Other Threads:
  0x000001716c852ac0 GCTaskThread "GC Thread#0" [stack: 0x0000005621f00000,0x0000005622000000] [id=6172]
  0x000001716c864510 ConcurrentGCThread "G1 Main Marker" [stack: 0x0000005622000000,0x0000005622100000] [id=21548]
  0x000001716c864f20 ConcurrentGCThread "G1 Conc#0" [stack: 0x0000005622100000,0x0000005622200000] [id=7068]

[error occurred during error reporting (printing all threads), id 0xc0000005, EXCEPTION_ACCESS_VIOLATION (0xc0000005) at pc=0x00007ffae29ca697]

VM state: not at safepoint (not fully initialized)

VM Mutex/Monitor currently owned by a thread:  ([mutex/lock_event])
[0x000001716c7f63b0] Heap_lock - owner thread: 0x000001716c7fb190

Heap address: 0x0000000082800000, size: 2008 MB, Compressed Oops mode: 32-bit

CDS archive(s) mapped at: [0x0000000000000000-0x0000000000000000-0x0000000000000000), size 0, SharedBaseAddress: 0x0000000800000000, ArchiveRelocationMode: 0.
Narrow klass base: 0x0000000000000000, Narrow klass shift: 0, Narrow klass range: 0x0

GC Precious Log:
<Empty>

Heap:
 garbage-first heap   total 0K, used 0K [0x0000000082800000, 0x0000000100000000)
  region size 1024K, 0 young (0K), 0 survivors (0K)

[error occurred during error reporting (printing heap information), id 0xc0000005, EXCEPTION_ACCESS_VIOLATION (0xc0000005) at pc=0x00007ffae2db00b9]

GC Heap History (0 events):
No events

Deoptimization events (0 events):
No events

Classes unloaded (0 events):
No events

Classes redefined (0 events):
No events

Internal exceptions (0 events):
No events

VM Operations (0 events):
No events

Events (1 events):
Event: 0.011 Loaded shared library C:\Program Files\Java\jdk-17\bin\java.dll


Dynamic libraries:
0x00007ff79a080000 - 0x00007ff79a090000 	C:\Program Files\Java\jdk-17\bin\java.exe
0x00007ffb83cb0000 - 0x00007ffb83ec7000 	C:\WINDOWS\SYSTEM32\ntdll.dll
0x00007ffb83010000 - 0x00007ffb830d4000 	C:\WINDOWS\System32\KERNEL32.DLL
0x00007ffb81280000 - 0x00007ffb81626000 	C:\WINDOWS\System32\KERNELBASE.dll
0x00007ffb818e0000 - 0x00007ffb819f1000 	C:\WINDOWS\System32\ucrtbase.dll
0x00007ffb68680000 - 0x00007ffb68699000 	C:\Program Files\Java\jdk-17\bin\jli.dll
0x00007ffb68630000 - 0x00007ffb6864b000 	C:\Program Files\Java\jdk-17\bin\VCRUNTIME140.dll
0x00007ffb83360000 - 0x00007ffb83411000 	C:\WINDOWS\System32\ADVAPI32.dll
0x00007ffb81dc0000 - 0x00007ffb81e67000 	C:\WINDOWS\System32\msvcrt.dll
0x00007ffb82a00000 - 0x00007ffb82aa5000 	C:\WINDOWS\System32\sechost.dll
0x00007ffb83100000 - 0x00007ffb83217000 	C:\WINDOWS\System32\RPCRT4.dll
0x00007ffb826f0000 - 0x00007ffb8289e000 	C:\WINDOWS\System32\USER32.dll
0x00007ffb811b0000 - 0x00007ffb811d6000 	C:\WINDOWS\System32\win32u.dll
0x00007ffb81d90000 - 0x00007ffb81db9000 	C:\WINDOWS\System32\GDI32.dll
0x00007ffb6af90000 - 0x00007ffb6b223000 	C:\WINDOWS\WinSxS\amd64_microsoft.windows.common-controls_6595b64144ccf1df_6.0.22621.2506_none_270c5ae97388e100\COMCTL32.dll
0x00007ffb81020000 - 0x00007ffb81138000 	C:\WINDOWS\System32\gdi32full.dll
0x00007ffb811e0000 - 0x00007ffb8127a000 	C:\WINDOWS\System32\msvcp_win.dll
0x00007ffb6e3c0000 - 0x00007ffb6e3ca000 	C:\WINDOWS\SYSTEM32\VERSION.dll
0x00007ffb83420000 - 0x00007ffb83451000 	C:\WINDOWS\System32\IMM32.DLL
0x00007ffb6ce30000 - 0x00007ffb6ce3c000 	C:\Program Files\Java\jdk-17\bin\vcruntime140_1.dll
0x00007ffb63e50000 - 0x00007ffb63ede000 	C:\Program Files\Java\jdk-17\bin\msvcp140.dll
0x00007ffae26e0000 - 0x00007ffae32bd000 	C:\Program Files\Java\jdk-17\bin\server\jvm.dll
0x00007ffb82f80000 - 0x00007ffb82f88000 	C:\WINDOWS\System32\PSAPI.DLL
0x00007ffb7bf30000 - 0x00007ffb7bf39000 	C:\WINDOWS\SYSTEM32\WSOCK32.dll
0x00007ffb83620000 - 0x00007ffb83691000 	C:\WINDOWS\System32\WS2_32.dll
0x00007ffb780e0000 - 0x00007ffb78114000 	C:\WINDOWS\SYSTEM32\WINMM.dll
0x00007ffb7ffe0000 - 0x00007ffb7fff8000 	C:\WINDOWS\SYSTEM32\kernel.appcore.dll
0x00007ffb6b230000 - 0x00007ffb6b23a000 	C:\Program Files\Java\jdk-17\bin\jimage.dll
0x00007ffb6f5d0000 - 0x00007ffb6f803000 	C:\WINDOWS\SYSTEM32\DBGHELP.DLL
0x00007ffb81a00000 - 0x00007ffb81d89000 	C:\WINDOWS\System32\combase.dll
0x00007ffb83220000 - 0x00007ffb832f7000 	C:\WINDOWS\System32\OLEAUT32.dll
0x00007ffb64250000 - 0x00007ffb64282000 	C:\WINDOWS\SYSTEM32\dbgcore.DLL
0x00007ffb81630000 - 0x00007ffb816aa000 	C:\WINDOWS\System32\bcryptPrimitives.dll
0x00007ffb682e0000 - 0x00007ffb68305000 	C:\Program Files\Java\jdk-17\bin\java.dll

dbghelp: loaded successfully - version: 4.0.5 - missing functions: none
symbol engine: initialized successfully - sym options: 0x614 - pdb path: .;C:\Program Files\Java\jdk-17\bin;C:\WINDOWS\SYSTEM32;C:\WINDOWS\WinSxS\amd64_microsoft.windows.common-controls_6595b64144ccf1df_6.0.22621.2506_none_270c5ae97388e100;C:\Program Files\Java\jdk-17\bin\server

VM Arguments:
java_command: C:\Users\hafiz\AppData\Local\Temp\surefire5230842343282932197\surefirebooter-20240114221647428_3.jar C:\Users\hafiz\AppData\Local\Temp\surefire5230842343282932197 2024-01-14T22-16-47_131-jvmRun1 surefire-20240114221647428_1tmp surefire_0-20240114221647428_2tmp
java_class_path (initial): C:\Users\hafiz\AppData\Local\Temp\surefire5230842343282932197\surefirebooter-20240114221647428_3.jar
Launcher Type: SUN_STANDARD

[Global flags]
     intx CICompilerCount                          = 3                                         {product} {ergonomic}
     uint ConcGCThreads                            = 1                                         {product} {ergonomic}
     uint G1ConcRefinementThreads                  = 4                                         {product} {ergonomic}
   size_t G1HeapRegionSize                         = 1048576                                   {product} {ergonomic}
    uintx GCDrainStackTargetSize                   = 64                                        {product} {ergonomic}
   size_t InitialHeapSize                          = 132120576                                 {product} {ergonomic}
   size_t MarkStackSize                            = 4194304                                   {product} {ergonomic}
   size_t MaxHeapSize                              = 2105540608                                {product} {ergonomic}
   size_t MinHeapDeltaBytes                        = 1048576                                   {product} {ergonomic}
   size_t MinHeapSize                              = 8388608                                   {product} {ergonomic}
    uintx NonNMethodCodeHeapSize                   = 5832780                                {pd product} {ergonomic}
    uintx NonProfiledCodeHeapSize                  = 122912730                              {pd product} {ergonomic}
    uintx ProfiledCodeHeapSize                     = 122912730                              {pd product} {ergonomic}
    uintx ReservedCodeCacheSize                    = 251658240                              {pd product} {ergonomic}
     bool SegmentedCodeCache                       = true                                      {product} {ergonomic}
   size_t SoftMaxHeapSize                          = 2105540608                             {manageable} {ergonomic}
     bool UseCompressedClassPointers               = true                           {product lp64_product} {ergonomic}
     bool UseCompressedOops                        = true                           {product lp64_product} {ergonomic}
     bool UseG1GC                                  = true                                      {product} {ergonomic}
     bool UseLargePagesIndividualAllocation        = false                                  {pd product} {ergonomic}

Logging:
Log output configuration:
 #0: stdout all=warning uptime,level,tags
 #1: stderr all=off uptime,level,tags

Environment Variables:
JAVA_HOME=C:\Program Files\Java\jdk-17
PATH=C:\Program Files\Common Files\Oracle\Java\javapath;C:\Windows\System32\HWAudioDriverLibs;C:\WINDOWS\system32;C:\WINDOWS;C:\WINDOWS\System32\Wbem;C:\WINDOWS\System32\WindowsPowerShell\v1.0\;C:\WINDOWS\System32\OpenSSH\;C:\WINDOWS\system32\config\systemprofile\AppData\Local\Microsoft\WindowsApps;C:\Program Files\dotnet\;C:\WINDOWS\system32;C:\WINDOWS;C:\WINDOWS\System32\Wbem;C:\WINDOWS\System32\WindowsPowerShell\v1.0\;C:\WINDOWS\System32\OpenSSH\;C:\Program Files\Java\jdk-17\bin;C:\Users\hafiz\Documents\Working\apache-maven-3.9.1-bin\apache-maven-3.9.1\bin;C:\Users\hafiz\AppData\Local\Microsoft\WindowsApps;C:\Users\hafiz\AppData\Local\Programs\Microsoft VS Code\bin;C:\Program Files\Java\jdk-17\bin;
USERNAME=hafiz
OS=Windows_NT
PROCESSOR_IDENTIFIER=Intel64 Family 6 Model 142 Stepping 12, GenuineIntel



---------------  S Y S T E M  ---------------

OS:
 Windows 11 , 64 bit Build 22621 (10.0.22621.2506)
OS uptime: 16 days 10:34 hours
Hyper-V role detected

CPU: total 4 (initial active 4) (2 cores per cpu, 2 threads per core) family 6 model 142 stepping 12 microcode 0xde, cx8, cmov, fxsr, ht, mmx, 3dnowpref, sse, sse2, sse3, ssse3, sse4.1, sse4.2, popcnt, lzcnt, tsc, tscinvbit, avx, avx2, aes, erms, clmul, bmi1, bmi2, adx, fma, vzeroupper, clflush, clflushopt, hv

Memory: 4k page, system-wide physical 8025M (374M free)
TotalPageFile size 10073M (AvailPageFile size 35M)
current process WorkingSet (physical memory assigned to process): 11M, peak: 11M
current process commit charge ("private bytes"): 52M, peak: 177M

vm_info: Java HotSpot(TM) 64-Bit Server VM (17.0.7+8-LTS-224) for windows-amd64 JRE (17.0.7+8-LTS-224), built on Feb 28 2023 23:03:02 by "mach5one" with MS VC++ 17.1 (VS2022)

END.
